File protos/util.proto
File protos/user.proto
File protos/suggestion.proto
File protos/user_history.proto
File protos/backend.proto
Service Backend
 Method Register
  input .neva.backend.RegisterRequest
  output .neva.backend.GenericReply
  client_streaming false
  server_streaming false
 Method Login
  input .neva.backend.LoginRequest
  output .neva.backend.LoginReply
  client_streaming false
  server_streaming false
 Method UpdateUser
  input .neva.backend.UpdateUserRequest
  output .neva.backend.GenericReply
  client_streaming false
  server_streaming false
 Method SuggestionItemProposition
  input .neva.backend.SuggestionItemPropositionRequest
  output .neva.backend.GenericReply
  client_streaming false
  server_streaming false
 Method GetSuggestion
  input .neva.backend.GetSuggestionRequest
  output .neva.backend.GetSuggestionReply
  client_streaming false
  server_streaming false
 Method TagProposition
  input .neva.backend.TagPropositionRequest
  output .neva.backend.GenericReply
  client_streaming false
  server_streaming false
 Method TagValueProposition
  input .neva.backend.TagValuePropositionRequest
  output .neva.backend.GenericReply
  client_streaming false
  server_streaming false
 Method GetSuggestionItemList
  input .neva.backend.GetSuggestionItemListRequest
  output .neva.backend.GetSuggestionItemListReply
  client_streaming false
  server_streaming false
 Method InformUserChoice
  input .neva.backend.InformUserChoiceRequest
  output .neva.backend.InformUserChoiceReply
  client_streaming false
  server_streaming false
 Method FetchUserHistory
  input .neva.backend.FetchUserHistoryRequest
  output .neva.backend.FetchUserHistoryReply
  client_streaming false
  server_streaming false
SwiftProtobufPluginLibrary.Google_Protobuf_Compiler_CodeGeneratorRequest:
file_to_generate: "protos/backend.proto"
file_to_generate: "protos/suggestion.proto"
file_to_generate: "protos/user.proto"
file_to_generate: "protos/user_history.proto"
file_to_generate: "protos/util.proto"
compiler_version {
  major: 3
  minor: 5
  patch: 1
  suffix: ""
}
proto_file {
  name: "protos/util.proto"
  package: "neva.backend.util"
  message_type {
    name: "Timestamp"
    field {
      name: "seconds"
      number: 1
      label: LABEL_OPTIONAL
      type: TYPE_UINT64
      json_name: "seconds"
    }
    field {
      name: "nanos"
      number: 2
      label: LABEL_OPTIONAL
      type: TYPE_UINT32
      json_name: "nanos"
    }
  }
  source_code_info {
    location {
      span: [0, 0, 7, 1]
    }
    location {
      path: [12]
      span: [0, 0, 18]
    }
    location {
      path: [2]
      span: [2, 8, 25]
    }
    location {
      path: [4, 0]
      span: [4, 0, 7, 1]
    }
    location {
      path: [4, 0, 1]
      span: [4, 8, 17]
    }
    location {
      path: [4, 0, 2, 0]
      span: [5, 2, 21]
    }
    location {
      path: [4, 0, 2, 0, 4]
      span: [5, 2, 4, 19]
    }
    location {
      path: [4, 0, 2, 0, 5]
      span: [5, 2, 8]
    }
    location {
      path: [4, 0, 2, 0, 1]
      span: [5, 9, 16]
    }
    location {
      path: [4, 0, 2, 0, 3]
      span: [5, 19, 20]
    }
    location {
      path: [4, 0, 2, 1]
      span: [6, 2, 19]
    }
    location {
      path: [4, 0, 2, 1, 4]
      span: [6, 2, 5, 21]
    }
    location {
      path: [4, 0, 2, 1, 5]
      span: [6, 2, 8]
    }
    location {
      path: [4, 0, 2, 1, 1]
      span: [6, 9, 14]
    }
    location {
      path: [4, 0, 2, 1, 3]
      span: [6, 17, 18]
    }
  }
  syntax: "proto3"
}
proto_file {
  name: "protos/user.proto"
  package: "neva.backend"
  dependency: "protos/util.proto"
  message_type {
    name: "LinkedAccount"
    field {
      name: "token"
      number: 1
      label: LABEL_OPTIONAL
      type: TYPE_STRING
      json_name: "token"
    }
    field {
      name: "social_media_type"
      number: 2
      label: LABEL_OPTIONAL
      type: TYPE_ENUM
      type_name: ".neva.backend.LinkedAccount.SocialMediaType"
      json_name: "socialMediaType"
    }
    enum_type {
      name: "SocialMediaType"
      value {
        name: "INVALID_SOCIAL_MEDIA_TYPE"
        number: 0
      }
      value {
        name: "FACEBOOK"
        number: 1
      }
    }
  }
  message_type {
    name: "User"
    field {
      name: "user_id"
      number: 1
      label: LABEL_OPTIONAL
      type: TYPE_UINT32
      json_name: "userId"
    }
    field {
      name: "email"
      number: 2
      label: LABEL_OPTIONAL
      type: TYPE_STRING
      json_name: "email"
    }
    field {
      name: "password"
      number: 3
      label: LABEL_OPTIONAL
      type: TYPE_STRING
      json_name: "password"
    }
    field {
      name: "name"
      number: 4
      label: LABEL_OPTIONAL
      type: TYPE_STRING
      json_name: "name"
    }
    field {
      name: "date_of_birth"
      number: 5
      label: LABEL_OPTIONAL
      type: TYPE_MESSAGE
      type_name: ".neva.backend.util.Timestamp"
      json_name: "dateOfBirth"
    }
    field {
      name: "gender"
      number: 6
      label: LABEL_OPTIONAL
      type: TYPE_ENUM
      type_name: ".neva.backend.User.Gender"
      json_name: "gender"
    }
    field {
      name: "weight"
      number: 7
      label: LABEL_OPTIONAL
      type: TYPE_FLOAT
      json_name: "weight"
    }
    field {
      name: "photo"
      number: 8
      label: LABEL_OPTIONAL
      type: TYPE_STRING
      json_name: "photo"
    }
    field {
      name: "status"
      number: 9
      label: LABEL_OPTIONAL
      type: TYPE_ENUM
      type_name: ".neva.backend.User.Status"
      json_name: "status"
    }
    field {
      name: "register_date"
      number: 10
      label: LABEL_OPTIONAL
      type: TYPE_MESSAGE
      type_name: ".neva.backend.util.Timestamp"
      json_name: "registerDate"
    }
    field {
      name: "linked_accounts"
      number: 11
      label: LABEL_REPEATED
      type: TYPE_MESSAGE
      type_name: ".neva.backend.LinkedAccount"
      json_name: "linkedAccounts"
    }
    enum_type {
      name: "Gender"
      value {
        name: "INVALID_GENDER"
        number: 0
      }
      value {
        name: "MALE"
        number: 1
      }
      value {
        name: "FEMALE"
        number: 2
      }
    }
    enum_type {
      name: "Status"
      value {
        name: "INVALID_STATUS"
        number: 0
      }
      value {
        name: "INACTIVE"
        number: 1
      }
      value {
        name: "ACTIVE"
        number: 2
      }
    }
  }
  source_code_info {
    location {
      span: [0, 0, 43, 1]
    }
    location {
      path: [12]
      span: [0, 0, 18]
    }
    location {
      path: [3, 0]
      span: [2, 7, 26]
    }
    location {
      path: [2]
      span: [4, 8, 20]
    }
    location {
      path: [4, 0]
      span: [6, 0, 14, 1]
    }
    location {
      path: [4, 0, 1]
      span: [6, 8, 21]
    }
    location {
      path: [4, 0, 4, 0]
      span: [7, 2, 10, 3]
    }
    location {
      path: [4, 0, 4, 0, 1]
      span: [7, 7, 22]
    }
    location {
      path: [4, 0, 4, 0, 2, 0]
      span: [8, 4, 34]
    }
    location {
      path: [4, 0, 4, 0, 2, 0, 1]
      span: [8, 4, 29]
    }
    location {
      path: [4, 0, 4, 0, 2, 0, 2]
      span: [8, 32, 33]
    }
    location {
      path: [4, 0, 4, 0, 2, 1]
      span: [9, 4, 17]
    }
    location {
      path: [4, 0, 4, 0, 2, 1, 1]
      span: [9, 4, 12]
    }
    location {
      path: [4, 0, 4, 0, 2, 1, 2]
      span: [9, 15, 16]
    }
    location {
      path: [4, 0, 2, 0]
      span: [12, 2, 19]
    }
    location {
      path: [4, 0, 2, 0, 4]
      span: [12, 2, 10, 4]
    }
    location {
      path: [4, 0, 2, 0, 5]
      span: [12, 2, 8]
    }
    location {
      path: [4, 0, 2, 0, 1]
      span: [12, 9, 14]
    }
    location {
      path: [4, 0, 2, 0, 3]
      span: [12, 17, 18]
    }
    location {
      path: [4, 0, 2, 1]
      span: [13, 2, 40]
    }
    location {
      path: [4, 0, 2, 1, 4]
      span: [13, 2, 12, 19]
    }
    location {
      path: [4, 0, 2, 1, 6]
      span: [13, 2, 17]
    }
    location {
      path: [4, 0, 2, 1, 1]
      span: [13, 18, 35]
    }
    location {
      path: [4, 0, 2, 1, 3]
      span: [13, 38, 39]
    }
    location {
      path: [4, 1]
      span: [16, 0, 43, 1]
    }
    location {
      path: [4, 1, 1]
      span: [16, 8, 12]
    }
    location {
      path: [4, 1, 4, 0]
      span: [17, 2, 21, 3]
    }
    location {
      path: [4, 1, 4, 0, 1]
      span: [17, 7, 13]
    }
    location {
      path: [4, 1, 4, 0, 2, 0]
      span: [18, 4, 23]
    }
    location {
      path: [4, 1, 4, 0, 2, 0, 1]
      span: [18, 4, 18]
    }
    location {
      path: [4, 1, 4, 0, 2, 0, 2]
      span: [18, 21, 22]
    }
    location {
      path: [4, 1, 4, 0, 2, 1]
      span: [19, 4, 13]
    }
    location {
      path: [4, 1, 4, 0, 2, 1, 1]
      span: [19, 4, 8]
    }
    location {
      path: [4, 1, 4, 0, 2, 1, 2]
      span: [19, 11, 12]
    }
    location {
      path: [4, 1, 4, 0, 2, 2]
      span: [20, 4, 15]
    }
    location {
      path: [4, 1, 4, 0, 2, 2, 1]
      span: [20, 4, 10]
    }
    location {
      path: [4, 1, 4, 0, 2, 2, 2]
      span: [20, 13, 14]
    }
    location {
      path: [4, 1, 4, 1]
      span: [23, 2, 27, 3]
    }
    location {
      path: [4, 1, 4, 1, 1]
      span: [23, 7, 13]
    }
    location {
      path: [4, 1, 4, 1, 2, 0]
      span: [24, 4, 23]
    }
    location {
      path: [4, 1, 4, 1, 2, 0, 1]
      span: [24, 4, 18]
    }
    location {
      path: [4, 1, 4, 1, 2, 0, 2]
      span: [24, 21, 22]
    }
    location {
      path: [4, 1, 4, 1, 2, 1]
      span: [25, 4, 17]
    }
    location {
      path: [4, 1, 4, 1, 2, 1, 1]
      span: [25, 4, 12]
    }
    location {
      path: [4, 1, 4, 1, 2, 1, 2]
      span: [25, 15, 16]
    }
    location {
      path: [4, 1, 4, 1, 2, 2]
      span: [26, 4, 15]
    }
    location {
      path: [4, 1, 4, 1, 2, 2, 1]
      span: [26, 4, 10]
    }
    location {
      path: [4, 1, 4, 1, 2, 2, 2]
      span: [26, 13, 14]
    }
    location {
      path: [4, 1, 2, 0]
      span: [29, 2, 21]
    }
    location {
      path: [4, 1, 2, 0, 4]
      span: [29, 2, 27, 4]
    }
    location {
      path: [4, 1, 2, 0, 5]
      span: [29, 2, 8]
    }
    location {
      path: [4, 1, 2, 0, 1]
      span: [29, 9, 16]
    }
    location {
      path: [4, 1, 2, 0, 3]
      span: [29, 19, 20]
    }
    location {
      path: [4, 1, 2, 1]
      span: [30, 2, 19]
    }
    location {
      path: [4, 1, 2, 1, 4]
      span: [30, 2, 29, 21]
    }
    location {
      path: [4, 1, 2, 1, 5]
      span: [30, 2, 8]
    }
    location {
      path: [4, 1, 2, 1, 1]
      span: [30, 9, 14]
    }
    location {
      path: [4, 1, 2, 1, 3]
      span: [30, 17, 18]
    }
    location {
      path: [4, 1, 2, 2]
      span: [31, 2, 22]
    }
    location {
      path: [4, 1, 2, 2, 4]
      span: [31, 2, 30, 19]
    }
    location {
      path: [4, 1, 2, 2, 5]
      span: [31, 2, 8]
    }
    location {
      path: [4, 1, 2, 2, 1]
      span: [31, 9, 17]
    }
    location {
      path: [4, 1, 2, 2, 3]
      span: [31, 20, 21]
    }
    location {
      path: [4, 1, 2, 3]
      span: [32, 2, 18]
    }
    location {
      path: [4, 1, 2, 3, 4]
      span: [32, 2, 31, 22]
    }
    location {
      path: [4, 1, 2, 3, 5]
      span: [32, 2, 8]
    }
    location {
      path: [4, 1, 2, 3, 1]
      span: [32, 9, 13]
    }
    location {
      path: [4, 1, 2, 3, 3]
      span: [32, 16, 17]
    }
    location {
      path: [4, 1, 2, 4]
      span: [33, 2, 35]
    }
    location {
      path: [4, 1, 2, 4, 4]
      span: [33, 2, 32, 18]
    }
    location {
      path: [4, 1, 2, 4, 6]
      span: [33, 2, 16]
    }
    location {
      path: [4, 1, 2, 4, 1]
      span: [33, 17, 30]
    }
    location {
      path: [4, 1, 2, 4, 3]
      span: [33, 33, 34]
    }
    location {
      path: [4, 1, 2, 5]
      span: [34, 2, 20]
    }
    location {
      path: [4, 1, 2, 5, 4]
      span: [34, 2, 33, 35]
    }
    location {
      path: [4, 1, 2, 5, 6]
      span: [34, 2, 8]
    }
    location {
      path: [4, 1, 2, 5, 1]
      span: [34, 9, 15]
    }
    location {
      path: [4, 1, 2, 5, 3]
      span: [34, 18, 19]
    }
    location {
      path: [4, 1, 2, 6]
      span: [35, 2, 19]
    }
    location {
      path: [4, 1, 2, 6, 4]
      span: [35, 2, 34, 20]
    }
    location {
      path: [4, 1, 2, 6, 5]
      span: [35, 2, 7]
    }
    location {
      path: [4, 1, 2, 6, 1]
      span: [35, 8, 14]
    }
    location {
      path: [4, 1, 2, 6, 3]
      span: [35, 17, 18]
    }
    location {
      path: [4, 1, 2, 7]
      span: [38, 2, 19]
      leading_comments: " Keeps url to the photo of the user.\n"
    }
    location {
      path: [4, 1, 2, 7, 4]
      span: [38, 2, 35, 19]
    }
    location {
      path: [4, 1, 2, 7, 5]
      span: [38, 2, 8]
    }
    location {
      path: [4, 1, 2, 7, 1]
      span: [38, 9, 14]
    }
    location {
      path: [4, 1, 2, 7, 3]
      span: [38, 17, 18]
    }
    location {
      path: [4, 1, 2, 8]
      span: [39, 2, 20]
    }
    location {
      path: [4, 1, 2, 8, 4]
      span: [39, 2, 38, 19]
    }
    location {
      path: [4, 1, 2, 8, 6]
      span: [39, 2, 8]
    }
    location {
      path: [4, 1, 2, 8, 1]
      span: [39, 9, 15]
    }
    location {
      path: [4, 1, 2, 8, 3]
      span: [39, 18, 19]
    }
    location {
      path: [4, 1, 2, 9]
      span: [40, 2, 36]
    }
    location {
      path: [4, 1, 2, 9, 4]
      span: [40, 2, 39, 20]
    }
    location {
      path: [4, 1, 2, 9, 6]
      span: [40, 2, 16]
    }
    location {
      path: [4, 1, 2, 9, 1]
      span: [40, 17, 30]
    }
    location {
      path: [4, 1, 2, 9, 3]
      span: [40, 33, 35]
    }
    location {
      path: [4, 1, 2, 10]
      span: [42, 2, 46]
    }
    location {
      path: [4, 1, 2, 10, 4]
      span: [42, 2, 10]
    }
    location {
      path: [4, 1, 2, 10, 6]
      span: [42, 11, 24]
    }
    location {
      path: [4, 1, 2, 10, 1]
      span: [42, 25, 40]
    }
    location {
      path: [4, 1, 2, 10, 3]
      span: [42, 43, 45]
    }
  }
  syntax: "proto3"
}
proto_file {
  name: "protos/suggestion.proto"
  package: "neva.backend"
  message_type {
    name: "Suggestion"
    field {
      name: "suggestion_category"
      number: 1
      label: LABEL_OPTIONAL
      type: TYPE_ENUM
      type_name: ".neva.backend.Suggestion.SuggestionCategory"
      json_name: "suggestionCategory"
    }
    field {
      name: "suggestee_id"
      number: 2
      label: LABEL_OPTIONAL
      type: TYPE_UINT32
      json_name: "suggesteeId"
    }
    field {
      name: "name"
      number: 3
      label: LABEL_OPTIONAL
      type: TYPE_STRING
      json_name: "name"
    }
    enum_type {
      name: "SuggestionCategory"
      value {
        name: "INVALID_SUGGESTION_CATEGORY"
        number: 0
      }
      value {
        name: "MEAL"
        number: 1
      }
    }
  }
  message_type {
    name: "SuggestionList"
    field {
      name: "suggestion_list"
      number: 1
      label: LABEL_REPEATED
      type: TYPE_MESSAGE
      type_name: ".neva.backend.Suggestion"
      json_name: "suggestionList"
    }
  }
  source_code_info {
    location {
      span: [0, 0, 22, 2]
    }
    location {
      path: [12]
      span: [0, 0, 18]
    }
    location {
      path: [2]
      span: [2, 8, 20]
    }
    location {
      path: [4, 0]
      span: [4, 0, 18, 1]
    }
    location {
      path: [4, 0, 1]
      span: [4, 8, 18]
    }
    location {
      path: [4, 0, 4, 0]
      span: [5, 2, 8, 3]
    }
    location {
      path: [4, 0, 4, 0, 1]
      span: [5, 7, 25]
    }
    location {
      path: [4, 0, 4, 0, 2, 0]
      span: [6, 4, 36]
    }
    location {
      path: [4, 0, 4, 0, 2, 0, 1]
      span: [6, 4, 31]
    }
    location {
      path: [4, 0, 4, 0, 2, 0, 2]
      span: [6, 34, 35]
    }
    location {
      path: [4, 0, 4, 0, 2, 1]
      span: [7, 4, 13]
    }
    location {
      path: [4, 0, 4, 0, 2, 1, 1]
      span: [7, 4, 8]
    }
    location {
      path: [4, 0, 4, 0, 2, 1, 2]
      span: [7, 11, 12]
    }
    location {
      path: [4, 0, 2, 0]
      span: [11, 2, 45]
      leading_comments: " Shows the category to which suggestion belongs.\n"
    }
    location {
      path: [4, 0, 2, 0, 4]
      span: [11, 2, 8, 4]
    }
    location {
      path: [4, 0, 2, 0, 6]
      span: [11, 2, 20]
    }
    location {
      path: [4, 0, 2, 0, 1]
      span: [11, 21, 40]
    }
    location {
      path: [4, 0, 2, 0, 3]
      span: [11, 43, 44]
    }
    location {
      path: [4, 0, 2, 1]
      span: [14, 2, 26]
      leading_comments: " id of the suggestee in the database.\n"
    }
    location {
      path: [4, 0, 2, 1, 4]
      span: [14, 2, 11, 45]
    }
    location {
      path: [4, 0, 2, 1, 5]
      span: [14, 2, 8]
    }
    location {
      path: [4, 0, 2, 1, 1]
      span: [14, 9, 21]
    }
    location {
      path: [4, 0, 2, 1, 3]
      span: [14, 24, 25]
    }
    location {
      path: [4, 0, 2, 2]
      span: [17, 2, 18]
      leading_comments: " Name of the suggestion item, like \"lahmacun\".\n"
    }
    location {
      path: [4, 0, 2, 2, 4]
      span: [17, 2, 14, 26]
    }
    location {
      path: [4, 0, 2, 2, 5]
      span: [17, 2, 8]
    }
    location {
      path: [4, 0, 2, 2, 1]
      span: [17, 9, 13]
    }
    location {
      path: [4, 0, 2, 2, 3]
      span: [17, 16, 17]
    }
    location {
      path: [4, 1]
      span: [20, 0, 22, 1]
    }
    location {
      path: [4, 1, 1]
      span: [20, 8, 22]
    }
    location {
      path: [4, 1, 2, 0]
      span: [21, 2, 42]
    }
    location {
      path: [4, 1, 2, 0, 4]
      span: [21, 2, 10]
    }
    location {
      path: [4, 1, 2, 0, 6]
      span: [21, 11, 21]
    }
    location {
      path: [4, 1, 2, 0, 1]
      span: [21, 22, 37]
    }
    location {
      path: [4, 1, 2, 0, 3]
      span: [21, 40, 41]
    }
  }
  syntax: "proto3"
}
proto_file {
  name: "protos/user_history.proto"
  package: "neva.backend"
  dependency: "protos/util.proto"
  message_type {
    name: "Choice"
    field {
      name: "suggestee_id"
      number: 1
      label: LABEL_OPTIONAL
      type: TYPE_UINT32
      json_name: "suggesteeId"
    }
    field {
      name: "timestamp"
      number: 2
      label: LABEL_OPTIONAL
      type: TYPE_MESSAGE
      type_name: ".neva.backend.util.Timestamp"
      json_name: "timestamp"
    }
    field {
      name: "latitude"
      number: 3
      label: LABEL_OPTIONAL
      type: TYPE_DOUBLE
      json_name: "latitude"
    }
    field {
      name: "longitude"
      number: 4
      label: LABEL_OPTIONAL
      type: TYPE_DOUBLE
      json_name: "longitude"
    }
    field {
      name: "choice_id"
      number: 5
      label: LABEL_OPTIONAL
      type: TYPE_UINT32
      json_name: "choiceId"
    }
  }
  message_type {
    name: "UserHistory"
    field {
      name: "user_id"
      number: 1
      label: LABEL_OPTIONAL
      type: TYPE_UINT32
      json_name: "userId"
    }
    field {
      name: "history"
      number: 2
      label: LABEL_REPEATED
      type: TYPE_MESSAGE
      type_name: ".neva.backend.Choice"
      json_name: "history"
    }
  }
  source_code_info {
    location {
      span: [0, 0, 27, 1]
    }
    location {
      path: [12]
      span: [0, 0, 18]
    }
    location {
      path: [3, 0]
      span: [2, 7, 26]
    }
    location {
      path: [2]
      span: [4, 8, 20]
    }
    location {
      path: [4, 0]
      span: [6, 0, 19, 1]
    }
    location {
      path: [4, 0, 1]
      span: [6, 8, 14]
    }
    location {
      path: [4, 0, 2, 0]
      span: [8, 2, 26]
      leading_comments: " Which item was selected.\n"
    }
    location {
      path: [4, 0, 2, 0, 4]
      span: [8, 2, 6, 16]
    }
    location {
      path: [4, 0, 2, 0, 5]
      span: [8, 2, 8]
    }
    location {
      path: [4, 0, 2, 0, 1]
      span: [8, 9, 21]
    }
    location {
      path: [4, 0, 2, 0, 3]
      span: [8, 24, 25]
    }
    location {
      path: [4, 0, 2, 1]
      span: [11, 2, 31]
      leading_comments: " When was the selection performed.\n"
    }
    location {
      path: [4, 0, 2, 1, 4]
      span: [11, 2, 8, 26]
    }
    location {
      path: [4, 0, 2, 1, 6]
      span: [11, 2, 16]
    }
    location {
      path: [4, 0, 2, 1, 1]
      span: [11, 17, 26]
    }
    location {
      path: [4, 0, 2, 1, 3]
      span: [11, 29, 30]
    }
    location {
      path: [4, 0, 2, 2]
      span: [14, 2, 22]
      leading_comments: " Where was the selection performed.\n"
    }
    location {
      path: [4, 0, 2, 2, 4]
      span: [14, 2, 11, 31]
    }
    location {
      path: [4, 0, 2, 2, 5]
      span: [14, 2, 8]
    }
    location {
      path: [4, 0, 2, 2, 1]
      span: [14, 9, 17]
    }
    location {
      path: [4, 0, 2, 2, 3]
      span: [14, 20, 21]
    }
    location {
      path: [4, 0, 2, 3]
      span: [15, 2, 23]
    }
    location {
      path: [4, 0, 2, 3, 4]
      span: [15, 2, 14, 22]
    }
    location {
      path: [4, 0, 2, 3, 5]
      span: [15, 2, 8]
    }
    location {
      path: [4, 0, 2, 3, 1]
      span: [15, 9, 18]
    }
    location {
      path: [4, 0, 2, 3, 3]
      span: [15, 21, 22]
    }
    location {
      path: [4, 0, 2, 4]
      span: [18, 2, 23]
      leading_comments: " What is the id of the selection in user_choice_history table.\n"
    }
    location {
      path: [4, 0, 2, 4, 4]
      span: [18, 2, 15, 23]
    }
    location {
      path: [4, 0, 2, 4, 5]
      span: [18, 2, 8]
    }
    location {
      path: [4, 0, 2, 4, 1]
      span: [18, 9, 18]
    }
    location {
      path: [4, 0, 2, 4, 3]
      span: [18, 21, 22]
    }
    location {
      path: [4, 1]
      span: [21, 0, 27, 1]
    }
    location {
      path: [4, 1, 1]
      span: [21, 8, 19]
    }
    location {
      path: [4, 1, 2, 0]
      span: [23, 2, 21]
      leading_comments: " Id of the user to which history entries belongs to.\n"
    }
    location {
      path: [4, 1, 2, 0, 4]
      span: [23, 2, 21, 21]
    }
    location {
      path: [4, 1, 2, 0, 5]
      span: [23, 2, 8]
    }
    location {
      path: [4, 1, 2, 0, 1]
      span: [23, 9, 16]
    }
    location {
      path: [4, 1, 2, 0, 3]
      span: [23, 19, 20]
    }
    location {
      path: [4, 1, 2, 1]
      span: [26, 2, 30]
      leading_comments: " Entries related to user.\n"
    }
    location {
      path: [4, 1, 2, 1, 4]
      span: [26, 2, 10]
    }
    location {
      path: [4, 1, 2, 1, 6]
      span: [26, 11, 17]
    }
    location {
      path: [4, 1, 2, 1, 1]
      span: [26, 18, 25]
    }
    location {
      path: [4, 1, 2, 1, 3]
      span: [26, 28, 29]
    }
  }
  syntax: "proto3"
}
proto_file {
  name: "protos/backend.proto"
  package: "neva.backend"
  dependency: "protos/user.proto"
  dependency: "protos/suggestion.proto"
  dependency: "protos/user_history.proto"
  message_type {
    name: "GenericReply"
  }
  message_type {
    name: "RegisterRequest"
    field {
      name: "user"
      number: 1
      label: LABEL_OPTIONAL
      type: TYPE_MESSAGE
      type_name: ".neva.backend.User"
      json_name: "user"
    }
  }
  message_type {
    name: "LoginRequest"
    field {
      name: "email"
      number: 1
      label: LABEL_OPTIONAL
      type: TYPE_STRING
      json_name: "email"
    }
    field {
      name: "password"
      number: 2
      label: LABEL_OPTIONAL
      type: TYPE_STRING
      json_name: "password"
    }
    field {
      name: "authentication_type"
      number: 3
      label: LABEL_OPTIONAL
      type: TYPE_ENUM
      type_name: ".neva.backend.LoginRequest.AuthenticationType"
      json_name: "authenticationType"
    }
    enum_type {
      name: "AuthenticationType"
      value {
        name: "INVALID"
        number: 0
      }
      value {
        name: "DEFAULT"
        number: 1
      }
      value {
        name: "FACEBOOK"
        number: 2
      }
    }
  }
  message_type {
    name: "LoginReply"
    field {
      name: "token"
      number: 1
      label: LABEL_OPTIONAL
      type: TYPE_BYTES
      json_name: "token"
    }
  }
  message_type {
    name: "UpdateUserRequest"
    field {
      name: "token"
      number: 1
      label: LABEL_OPTIONAL
      type: TYPE_BYTES
      json_name: "token"
    }
    field {
      name: "user"
      number: 2
      label: LABEL_OPTIONAL
      type: TYPE_MESSAGE
      type_name: ".neva.backend.User"
      json_name: "user"
    }
  }
  message_type {
    name: "SuggestionItemPropositionRequest"
    field {
      name: "token"
      number: 1
      label: LABEL_OPTIONAL
      type: TYPE_BYTES
      json_name: "token"
    }
    field {
      name: "suggestion"
      number: 2
      label: LABEL_OPTIONAL
      type: TYPE_MESSAGE
      type_name: ".neva.backend.Suggestion"
      json_name: "suggestion"
    }
  }
  message_type {
    name: "GetSuggestionRequest"
    field {
      name: "token"
      number: 1
      label: LABEL_OPTIONAL
      type: TYPE_BYTES
      json_name: "token"
    }
    field {
      name: "suggestion_category"
      number: 2
      label: LABEL_OPTIONAL
      type: TYPE_ENUM
      type_name: ".neva.backend.Suggestion.SuggestionCategory"
      json_name: "suggestionCategory"
    }
  }
  message_type {
    name: "GetSuggestionReply"
    field {
      name: "name"
      number: 1
      label: LABEL_OPTIONAL
      type: TYPE_STRING
      json_name: "name"
    }
  }
  message_type {
    name: "TagPropositionRequest"
    field {
      name: "token"
      number: 1
      label: LABEL_OPTIONAL
      type: TYPE_BYTES
      json_name: "token"
    }
    field {
      name: "tag"
      number: 2
      label: LABEL_OPTIONAL
      type: TYPE_STRING
      json_name: "tag"
    }
  }
  message_type {
    name: "TagValuePropositionRequest"
    field {
      name: "token"
      number: 1
      label: LABEL_OPTIONAL
      type: TYPE_BYTES
      json_name: "token"
    }
    field {
      name: "tag_id"
      number: 2
      label: LABEL_OPTIONAL
      type: TYPE_UINT32
      json_name: "tagId"
    }
    field {
      name: "suggestee_id"
      number: 3
      label: LABEL_OPTIONAL
      type: TYPE_UINT32
      json_name: "suggesteeId"
    }
    field {
      name: "value"
      number: 4
      label: LABEL_OPTIONAL
      type: TYPE_STRING
      json_name: "value"
    }
  }
  message_type {
    name: "GetSuggestionItemListRequest"
    field {
      name: "token"
      number: 1
      label: LABEL_OPTIONAL
      type: TYPE_BYTES
      json_name: "token"
    }
    field {
      name: "suggestion_category"
      number: 2
      label: LABEL_OPTIONAL
      type: TYPE_ENUM
      type_name: ".neva.backend.Suggestion.SuggestionCategory"
      json_name: "suggestionCategory"
    }
    field {
      name: "start_index"
      number: 3
      label: LABEL_OPTIONAL
      type: TYPE_UINT32
      json_name: "startIndex"
    }
  }
  message_type {
    name: "GetSuggestionItemListReply"
    field {
      name: "items"
      number: 1
      label: LABEL_REPEATED
      type: TYPE_MESSAGE
      type_name: ".neva.backend.Suggestion"
      json_name: "items"
    }
  }
  message_type {
    name: "InformUserChoiceRequest"
    field {
      name: "token"
      number: 1
      label: LABEL_OPTIONAL
      type: TYPE_BYTES
      json_name: "token"
    }
    field {
      name: "choice"
      number: 2
      label: LABEL_OPTIONAL
      type: TYPE_MESSAGE
      type_name: ".neva.backend.Choice"
      json_name: "choice"
    }
  }
  message_type {
    name: "InformUserChoiceReply"
    field {
      name: "choice_id"
      number: 1
      label: LABEL_OPTIONAL
      type: TYPE_UINT32
      json_name: "choiceId"
    }
  }
  message_type {
    name: "FetchUserHistoryRequest"
    field {
      name: "token"
      number: 1
      label: LABEL_OPTIONAL
      type: TYPE_BYTES
      json_name: "token"
    }
    field {
      name: "start_index"
      number: 2
      label: LABEL_OPTIONAL
      type: TYPE_UINT32
      json_name: "startIndex"
    }
  }
  message_type {
    name: "FetchUserHistoryReply"
    field {
      name: "user_history"
      number: 1
      label: LABEL_OPTIONAL
      type: TYPE_MESSAGE
      type_name: ".neva.backend.UserHistory"
      json_name: "userHistory"
    }
  }
  service {
    name: "Backend"
    method {
      name: "Register"
      input_type: ".neva.backend.RegisterRequest"
      output_type: ".neva.backend.GenericReply"
      options {
      }
    }
    method {
      name: "Login"
      input_type: ".neva.backend.LoginRequest"
      output_type: ".neva.backend.LoginReply"
      options {
      }
    }
    method {
      name: "UpdateUser"
      input_type: ".neva.backend.UpdateUserRequest"
      output_type: ".neva.backend.GenericReply"
      options {
      }
    }
    method {
      name: "SuggestionItemProposition"
      input_type: ".neva.backend.SuggestionItemPropositionRequest"
      output_type: ".neva.backend.GenericReply"
      options {
      }
    }
    method {
      name: "GetSuggestion"
      input_type: ".neva.backend.GetSuggestionRequest"
      output_type: ".neva.backend.GetSuggestionReply"
      options {
      }
    }
    method {
      name: "TagProposition"
      input_type: ".neva.backend.TagPropositionRequest"
      output_type: ".neva.backend.GenericReply"
      options {
      }
    }
    method {
      name: "TagValueProposition"
      input_type: ".neva.backend.TagValuePropositionRequest"
      output_type: ".neva.backend.GenericReply"
      options {
      }
    }
    method {
      name: "GetSuggestionItemList"
      input_type: ".neva.backend.GetSuggestionItemListRequest"
      output_type: ".neva.backend.GetSuggestionItemListReply"
      options {
      }
    }
    method {
      name: "InformUserChoice"
      input_type: ".neva.backend.InformUserChoiceRequest"
      output_type: ".neva.backend.InformUserChoiceReply"
      options {
      }
    }
    method {
      name: "FetchUserHistory"
      input_type: ".neva.backend.FetchUserHistoryRequest"
      output_type: ".neva.backend.FetchUserHistoryReply"
      options {
      }
    }
  }
  source_code_info {
    location {
      span: [0, 0, 159, 1]
    }
    location {
      path: [12]
      span: [0, 0, 18]
    }
    location {
      path: [3, 0]
      span: [2, 7, 26]
    }
    location {
      path: [3, 1]
      span: [3, 7, 32]
    }
    location {
      path: [3, 2]
      span: [4, 7, 34]
    }
    location {
      path: [2]
      span: [6, 8, 20]
    }
    location {
      path: [6, 0]
      span: [8, 0, 42, 1]
    }
    location {
      path: [6, 0, 1]
      span: [8, 8, 15]
    }
    location {
      path: [6, 0, 2, 0]
      span: [9, 2, 10, 3]
    }
    location {
      path: [6, 0, 2, 0, 1]
      span: [9, 6, 14]
    }
    location {
      path: [6, 0, 2, 0, 2]
      span: [9, 15, 30]
    }
    location {
      path: [6, 0, 2, 0, 3]
      span: [9, 41, 53]
    }
    location {
      path: [6, 0, 2, 1]
      span: [12, 2, 13, 3]
    }
    location {
      path: [6, 0, 2, 1, 1]
      span: [12, 6, 11]
    }
    location {
      path: [6, 0, 2, 1, 2]
      span: [12, 12, 24]
    }
    location {
      path: [6, 0, 2, 1, 3]
      span: [12, 35, 45]
    }
    location {
      path: [6, 0, 2, 2]
      span: [15, 2, 16, 3]
    }
    location {
      path: [6, 0, 2, 2, 1]
      span: [15, 6, 16]
    }
    location {
      path: [6, 0, 2, 2, 2]
      span: [15, 17, 34]
    }
    location {
      path: [6, 0, 2, 2, 3]
      span: [15, 45, 57]
    }
    location {
      path: [6, 0, 2, 3]
      span: [18, 2, 20, 3]
    }
    location {
      path: [6, 0, 2, 3, 1]
      span: [18, 6, 31]
    }
    location {
      path: [6, 0, 2, 3, 2]
      span: [18, 32, 64]
    }
    location {
      path: [6, 0, 2, 3, 3]
      span: [19, 15, 27]
    }
    location {
      path: [6, 0, 2, 4]
      span: [22, 2, 23, 3]
    }
    location {
      path: [6, 0, 2, 4, 1]
      span: [22, 6, 19]
    }
    location {
      path: [6, 0, 2, 4, 2]
      span: [22, 20, 40]
    }
    location {
      path: [6, 0, 2, 4, 3]
      span: [22, 51, 69]
    }
    location {
      path: [6, 0, 2, 5]
      span: [25, 2, 26, 3]
    }
    location {
      path: [6, 0, 2, 5, 1]
      span: [25, 6, 20]
    }
    location {
      path: [6, 0, 2, 5, 2]
      span: [25, 21, 42]
    }
    location {
      path: [6, 0, 2, 5, 3]
      span: [25, 53, 65]
    }
    location {
      path: [6, 0, 2, 6]
      span: [28, 2, 29, 3]
    }
    location {
      path: [6, 0, 2, 6, 1]
      span: [28, 6, 25]
    }
    location {
      path: [6, 0, 2, 6, 2]
      span: [28, 26, 52]
    }
    location {
      path: [6, 0, 2, 6, 3]
      span: [28, 63, 75]
    }
    location {
      path: [6, 0, 2, 7]
      span: [31, 2, 33, 3]
    }
    location {
      path: [6, 0, 2, 7, 1]
      span: [31, 6, 27]
    }
    location {
      path: [6, 0, 2, 7, 2]
      span: [31, 28, 56]
    }
    location {
      path: [6, 0, 2, 7, 3]
      span: [32, 15, 41]
    }
    location {
      path: [6, 0, 2, 8]
      span: [35, 2, 37, 3]
    }
    location {
      path: [6, 0, 2, 8, 1]
      span: [35, 6, 22]
    }
    location {
      path: [6, 0, 2, 8, 2]
      span: [35, 23, 46]
    }
    location {
      path: [6, 0, 2, 8, 3]
      span: [36, 15, 36]
    }
    location {
      path: [6, 0, 2, 9]
      span: [39, 2, 41, 3]
    }
    location {
      path: [6, 0, 2, 9, 1]
      span: [39, 6, 22]
    }
    location {
      path: [6, 0, 2, 9, 2]
      span: [39, 23, 46]
    }
    location {
      path: [6, 0, 2, 9, 3]
      span: [40, 15, 36]
    }
    location {
      path: [4, 0]
      span: [44, 0, 45, 1]
    }
    location {
      path: [4, 0, 1]
      span: [44, 8, 20]
    }
    location {
      path: [4, 1]
      span: [47, 0, 49, 1]
    }
    location {
      path: [4, 1, 1]
      span: [47, 8, 23]
    }
    location {
      path: [4, 1, 2, 0]
      span: [48, 2, 16]
    }
    location {
      path: [4, 1, 2, 0, 4]
      span: [48, 2, 47, 25]
    }
    location {
      path: [4, 1, 2, 0, 6]
      span: [48, 2, 6]
    }
    location {
      path: [4, 1, 2, 0, 1]
      span: [48, 7, 11]
    }
    location {
      path: [4, 1, 2, 0, 3]
      span: [48, 14, 15]
    }
    location {
      path: [4, 2]
      span: [51, 0, 61, 1]
    }
    location {
      path: [4, 2, 1]
      span: [51, 8, 20]
    }
    location {
      path: [4, 2, 4, 0]
      span: [52, 2, 56, 3]
    }
    location {
      path: [4, 2, 4, 0, 1]
      span: [52, 7, 25]
    }
    location {
      path: [4, 2, 4, 0, 2, 0]
      span: [53, 4, 16]
    }
    location {
      path: [4, 2, 4, 0, 2, 0, 1]
      span: [53, 4, 11]
    }
    location {
      path: [4, 2, 4, 0, 2, 0, 2]
      span: [53, 14, 15]
    }
    location {
      path: [4, 2, 4, 0, 2, 1]
      span: [54, 4, 16]
    }
    location {
      path: [4, 2, 4, 0, 2, 1, 1]
      span: [54, 4, 11]
    }
    location {
      path: [4, 2, 4, 0, 2, 1, 2]
      span: [54, 14, 15]
    }
    location {
      path: [4, 2, 4, 0, 2, 2]
      span: [55, 4, 17]
    }
    location {
      path: [4, 2, 4, 0, 2, 2, 1]
      span: [55, 4, 12]
    }
    location {
      path: [4, 2, 4, 0, 2, 2, 2]
      span: [55, 15, 16]
    }
    location {
      path: [4, 2, 2, 0]
      span: [58, 2, 19]
    }
    location {
      path: [4, 2, 2, 0, 4]
      span: [58, 2, 56, 4]
    }
    location {
      path: [4, 2, 2, 0, 5]
      span: [58, 2, 8]
    }
    location {
      path: [4, 2, 2, 0, 1]
      span: [58, 9, 14]
    }
    location {
      path: [4, 2, 2, 0, 3]
      span: [58, 17, 18]
    }
    location {
      path: [4, 2, 2, 1]
      span: [59, 2, 22]
    }
    location {
      path: [4, 2, 2, 1, 4]
      span: [59, 2, 58, 19]
    }
    location {
      path: [4, 2, 2, 1, 5]
      span: [59, 2, 8]
    }
    location {
      path: [4, 2, 2, 1, 1]
      span: [59, 9, 17]
    }
    location {
      path: [4, 2, 2, 1, 3]
      span: [59, 20, 21]
    }
    location {
      path: [4, 2, 2, 2]
      span: [60, 2, 45]
    }
    location {
      path: [4, 2, 2, 2, 4]
      span: [60, 2, 59, 22]
    }
    location {
      path: [4, 2, 2, 2, 6]
      span: [60, 2, 20]
    }
    location {
      path: [4, 2, 2, 2, 1]
      span: [60, 21, 40]
    }
    location {
      path: [4, 2, 2, 2, 3]
      span: [60, 43, 44]
    }
    location {
      path: [4, 3]
      span: [63, 0, 66, 1]
    }
    location {
      path: [4, 3, 1]
      span: [63, 8, 18]
    }
    location {
      path: [4, 3, 2, 0]
      span: [65, 2, 18]
      leading_comments: " Authentication token to be used in upcoming requests.\n"
    }
    location {
      path: [4, 3, 2, 0, 4]
      span: [65, 2, 63, 20]
    }
    location {
      path: [4, 3, 2, 0, 5]
      span: [65, 2, 7]
    }
    location {
      path: [4, 3, 2, 0, 1]
      span: [65, 8, 13]
    }
    location {
      path: [4, 3, 2, 0, 3]
      span: [65, 16, 17]
    }
    location {
      path: [4, 4]
      span: [68, 0, 74, 1]
    }
    location {
      path: [4, 4, 1]
      span: [68, 8, 25]
    }
    location {
      path: [4, 4, 2, 0]
      span: [70, 2, 18]
      leading_comments: " Session key for the user sending request.\n"
    }
    location {
      path: [4, 4, 2, 0, 4]
      span: [70, 2, 68, 27]
    }
    location {
      path: [4, 4, 2, 0, 5]
      span: [70, 2, 7]
    }
    location {
      path: [4, 4, 2, 0, 1]
      span: [70, 8, 13]
    }
    location {
      path: [4, 4, 2, 0, 3]
      span: [70, 16, 17]
    }
    location {
      path: [4, 4, 2, 1]
      span: [73, 2, 16]
      leading_comments: " Updated user data.\n"
    }
    location {
      path: [4, 4, 2, 1, 4]
      span: [73, 2, 70, 18]
    }
    location {
      path: [4, 4, 2, 1, 6]
      span: [73, 2, 6]
    }
    location {
      path: [4, 4, 2, 1, 1]
      span: [73, 7, 11]
    }
    location {
      path: [4, 4, 2, 1, 3]
      span: [73, 14, 15]
    }
    location {
      path: [4, 5]
      span: [76, 0, 82, 1]
    }
    location {
      path: [4, 5, 1]
      span: [76, 8, 40]
    }
    location {
      path: [4, 5, 2, 0]
      span: [78, 2, 18]
      leading_comments: " Session key for the user proposing the item.\n"
    }
    location {
      path: [4, 5, 2, 0, 4]
      span: [78, 2, 76, 42]
    }
    location {
      path: [4, 5, 2, 0, 5]
      span: [78, 2, 7]
    }
    location {
      path: [4, 5, 2, 0, 1]
      span: [78, 8, 13]
    }
    location {
      path: [4, 5, 2, 0, 3]
      span: [78, 16, 17]
    }
    location {
      path: [4, 5, 2, 1]
      span: [81, 2, 28]
      leading_comments: " Holds information on propositions category and name.\n"
    }
    location {
      path: [4, 5, 2, 1, 4]
      span: [81, 2, 78, 18]
    }
    location {
      path: [4, 5, 2, 1, 6]
      span: [81, 2, 12]
    }
    location {
      path: [4, 5, 2, 1, 1]
      span: [81, 13, 23]
    }
    location {
      path: [4, 5, 2, 1, 3]
      span: [81, 26, 27]
    }
    location {
      path: [4, 6]
      span: [84, 0, 90, 1]
    }
    location {
      path: [4, 6, 1]
      span: [84, 8, 28]
    }
    location {
      path: [4, 6, 2, 0]
      span: [86, 2, 18]
      leading_comments: " Session key for the user requesting a suggestion.\n"
    }
    location {
      path: [4, 6, 2, 0, 4]
      span: [86, 2, 84, 30]
    }
    location {
      path: [4, 6, 2, 0, 5]
      span: [86, 2, 7]
    }
    location {
      path: [4, 6, 2, 0, 1]
      span: [86, 8, 13]
    }
    location {
      path: [4, 6, 2, 0, 3]
      span: [86, 16, 17]
    }
    location {
      path: [4, 6, 2, 1]
      span: [89, 2, 56]
      leading_comments: " Category for which the user requests a suggestion.\n"
    }
    location {
      path: [4, 6, 2, 1, 4]
      span: [89, 2, 86, 18]
    }
    location {
      path: [4, 6, 2, 1, 6]
      span: [89, 2, 31]
    }
    location {
      path: [4, 6, 2, 1, 1]
      span: [89, 32, 51]
    }
    location {
      path: [4, 6, 2, 1, 3]
      span: [89, 54, 55]
    }
    location {
      path: [4, 7]
      span: [92, 0, 95, 1]
    }
    location {
      path: [4, 7, 1]
      span: [92, 8, 26]
    }
    location {
      path: [4, 7, 2, 0]
      span: [94, 2, 18]
      leading_comments: " Name of the suggested item.\n"
    }
    location {
      path: [4, 7, 2, 0, 4]
      span: [94, 2, 92, 28]
    }
    location {
      path: [4, 7, 2, 0, 5]
      span: [94, 2, 8]
    }
    location {
      path: [4, 7, 2, 0, 1]
      span: [94, 9, 13]
    }
    location {
      path: [4, 7, 2, 0, 3]
      span: [94, 16, 17]
    }
    location {
      path: [4, 8]
      span: [97, 0, 103, 1]
    }
    location {
      path: [4, 8, 1]
      span: [97, 8, 29]
    }
    location {
      path: [4, 8, 2, 0]
      span: [99, 2, 18]
      leading_comments: " Session key for the user proposing the tag.\n"
    }
    location {
      path: [4, 8, 2, 0, 4]
      span: [99, 2, 97, 31]
    }
    location {
      path: [4, 8, 2, 0, 5]
      span: [99, 2, 7]
    }
    location {
      path: [4, 8, 2, 0, 1]
      span: [99, 8, 13]
    }
    location {
      path: [4, 8, 2, 0, 3]
      span: [99, 16, 17]
    }
    location {
      path: [4, 8, 2, 1]
      span: [102, 2, 17]
      leading_comments: " Holds name for proposed tag.\n"
    }
    location {
      path: [4, 8, 2, 1, 4]
      span: [102, 2, 99, 18]
    }
    location {
      path: [4, 8, 2, 1, 5]
      span: [102, 2, 8]
    }
    location {
      path: [4, 8, 2, 1, 1]
      span: [102, 9, 12]
    }
    location {
      path: [4, 8, 2, 1, 3]
      span: [102, 15, 16]
    }
    location {
      path: [4, 9]
      span: [105, 0, 117, 1]
    }
    location {
      path: [4, 9, 1]
      span: [105, 8, 34]
    }
    location {
      path: [4, 9, 2, 0]
      span: [107, 2, 18]
      leading_comments: " Session key for the user proposing the tag.\n"
    }
    location {
      path: [4, 9, 2, 0, 4]
      span: [107, 2, 105, 36]
    }
    location {
      path: [4, 9, 2, 0, 5]
      span: [107, 2, 7]
    }
    location {
      path: [4, 9, 2, 0, 1]
      span: [107, 8, 13]
    }
    location {
      path: [4, 9, 2, 0, 3]
      span: [107, 16, 17]
    }
    location {
      path: [4, 9, 2, 1]
      span: [110, 2, 20]
      leading_comments: " Holds id of the tag.\n"
    }
    location {
      path: [4, 9, 2, 1, 4]
      span: [110, 2, 107, 18]
    }
    location {
      path: [4, 9, 2, 1, 5]
      span: [110, 2, 8]
    }
    location {
      path: [4, 9, 2, 1, 1]
      span: [110, 9, 15]
    }
    location {
      path: [4, 9, 2, 1, 3]
      span: [110, 18, 19]
    }
    location {
      path: [4, 9, 2, 2]
      span: [113, 2, 26]
      leading_comments: " Holds id of the suggestion item.\n"
    }
    location {
      path: [4, 9, 2, 2, 4]
      span: [113, 2, 110, 20]
    }
    location {
      path: [4, 9, 2, 2, 5]
      span: [113, 2, 8]
    }
    location {
      path: [4, 9, 2, 2, 1]
      span: [113, 9, 21]
    }
    location {
      path: [4, 9, 2, 2, 3]
      span: [113, 24, 25]
    }
    location {
      path: [4, 9, 2, 3]
      span: [116, 2, 19]
      leading_comments: " Holds value for the tag if appropriate.\n"
    }
    location {
      path: [4, 9, 2, 3, 4]
      span: [116, 2, 113, 26]
    }
    location {
      path: [4, 9, 2, 3, 5]
      span: [116, 2, 8]
    }
    location {
      path: [4, 9, 2, 3, 1]
      span: [116, 9, 14]
    }
    location {
      path: [4, 9, 2, 3, 3]
      span: [116, 17, 18]
    }
    location {
      path: [4, 10]
      span: [119, 0, 128, 1]
    }
    location {
      path: [4, 10, 1]
      span: [119, 8, 36]
    }
    location {
      path: [4, 10, 2, 0]
      span: [121, 2, 18]
      leading_comments: " Session key for the user requesting item list.\n"
    }
    location {
      path: [4, 10, 2, 0, 4]
      span: [121, 2, 119, 38]
    }
    location {
      path: [4, 10, 2, 0, 5]
      span: [121, 2, 7]
    }
    location {
      path: [4, 10, 2, 0, 1]
      span: [121, 8, 13]
    }
    location {
      path: [4, 10, 2, 0, 3]
      span: [121, 16, 17]
    }
    location {
      path: [4, 10, 2, 1]
      span: [124, 2, 56]
      leading_comments: " Category for which the user requesting items.\n"
    }
    location {
      path: [4, 10, 2, 1, 4]
      span: [124, 2, 121, 18]
    }
    location {
      path: [4, 10, 2, 1, 6]
      span: [124, 2, 31]
    }
    location {
      path: [4, 10, 2, 1, 1]
      span: [124, 32, 51]
    }
    location {
      path: [4, 10, 2, 1, 3]
      span: [124, 54, 55]
    }
    location {
      path: [4, 10, 2, 2]
      span: [127, 2, 25]
      leading_comments: " Start index to fetch items.\n"
    }
    location {
      path: [4, 10, 2, 2, 4]
      span: [127, 2, 124, 56]
    }
    location {
      path: [4, 10, 2, 2, 5]
      span: [127, 2, 8]
    }
    location {
      path: [4, 10, 2, 2, 1]
      span: [127, 9, 20]
    }
    location {
      path: [4, 10, 2, 2, 3]
      span: [127, 23, 24]
    }
    location {
      path: [4, 11]
      span: [130, 0, 133, 1]
    }
    location {
      path: [4, 11, 1]
      span: [130, 8, 34]
    }
    location {
      path: [4, 11, 2, 0]
      span: [132, 2, 32]
      leading_comments: " Item names in the database.\n"
    }
    location {
      path: [4, 11, 2, 0, 4]
      span: [132, 2, 10]
    }
    location {
      path: [4, 11, 2, 0, 6]
      span: [132, 11, 21]
    }
    location {
      path: [4, 11, 2, 0, 1]
      span: [132, 22, 27]
    }
    location {
      path: [4, 11, 2, 0, 3]
      span: [132, 30, 31]
    }
    location {
      path: [4, 12]
      span: [135, 0, 141, 1]
    }
    location {
      path: [4, 12, 1]
      span: [135, 8, 31]
    }
    location {
      path: [4, 12, 2, 0]
      span: [137, 2, 18]
      leading_comments: " Session key for the user informing about request.\n"
    }
    location {
      path: [4, 12, 2, 0, 4]
      span: [137, 2, 135, 33]
    }
    location {
      path: [4, 12, 2, 0, 5]
      span: [137, 2, 7]
    }
    location {
      path: [4, 12, 2, 0, 1]
      span: [137, 8, 13]
    }
    location {
      path: [4, 12, 2, 0, 3]
      span: [137, 16, 17]
    }
    location {
      path: [4, 12, 2, 1]
      span: [140, 2, 20]
      leading_comments: " Choice of the user.\n"
    }
    location {
      path: [4, 12, 2, 1, 4]
      span: [140, 2, 137, 18]
    }
    location {
      path: [4, 12, 2, 1, 6]
      span: [140, 2, 8]
    }
    location {
      path: [4, 12, 2, 1, 1]
      span: [140, 9, 15]
    }
    location {
      path: [4, 12, 2, 1, 3]
      span: [140, 18, 19]
    }
    location {
      path: [4, 13]
      span: [143, 0, 146, 1]
    }
    location {
      path: [4, 13, 1]
      span: [143, 8, 29]
    }
    location {
      path: [4, 13, 2, 0]
      span: [145, 2, 23]
      leading_comments: " Database id of the user choice.\n"
    }
    location {
      path: [4, 13, 2, 0, 4]
      span: [145, 2, 143, 31]
    }
    location {
      path: [4, 13, 2, 0, 5]
      span: [145, 2, 8]
    }
    location {
      path: [4, 13, 2, 0, 1]
      span: [145, 9, 18]
    }
    location {
      path: [4, 13, 2, 0, 3]
      span: [145, 21, 22]
    }
    location {
      path: [4, 14]
      span: [148, 0, 154, 1]
    }
    location {
      path: [4, 14, 1]
      span: [148, 8, 31]
    }
    location {
      path: [4, 14, 2, 0]
      span: [150, 2, 18]
      leading_comments: " Session key for the user requesting the fetch.\n"
    }
    location {
      path: [4, 14, 2, 0, 4]
      span: [150, 2, 148, 33]
    }
    location {
      path: [4, 14, 2, 0, 5]
      span: [150, 2, 7]
    }
    location {
      path: [4, 14, 2, 0, 1]
      span: [150, 8, 13]
    }
    location {
      path: [4, 14, 2, 0, 3]
      span: [150, 16, 17]
    }
    location {
      path: [4, 14, 2, 1]
      span: [153, 2, 25]
      leading_comments: " Start index to fetch choice entries;\n"
    }
    location {
      path: [4, 14, 2, 1, 4]
      span: [153, 2, 150, 18]
    }
    location {
      path: [4, 14, 2, 1, 5]
      span: [153, 2, 8]
    }
    location {
      path: [4, 14, 2, 1, 1]
      span: [153, 9, 20]
    }
    location {
      path: [4, 14, 2, 1, 3]
      span: [153, 23, 24]
    }
    location {
      path: [4, 15]
      span: [156, 0, 159, 1]
    }
    location {
      path: [4, 15, 1]
      span: [156, 8, 29]
    }
    location {
      path: [4, 15, 2, 0]
      span: [158, 2, 31]
      leading_comments: " User history object.\n"
    }
    location {
      path: [4, 15, 2, 0, 4]
      span: [158, 2, 156, 31]
    }
    location {
      path: [4, 15, 2, 0, 6]
      span: [158, 2, 13]
    }
    location {
      path: [4, 15, 2, 0, 1]
      span: [158, 14, 26]
    }
    location {
      path: [4, 15, 2, 0, 3]
      span: [158, 29, 30]
    }
  }
  syntax: "proto3"
}
